<?xml version="1.0" encoding="UTF-8"?>
<robot generator="Robot 3.2.1 (Python 3.8.3 on win32)" generated="20200608 11:21:37.915" rpa="false">
<suite id="s1" name="CURAHealthCareBookApp" source="C:\Automation Python - Pycharm - Robot Framework\PycharmProjects\CURA Healthcare Service\TestScripts\CURAHealthCareBookApp.robot">
<test id="s1-t1" name="CURA Health Care Service Book Appointment">
<kw name="Begin test" library="Base" type="setup">
<kw name="Open Browser" library="SeleniumLibrary">
<doc>Opens a new browser instance to the given ``url``.</doc>
<arguments>
<arg>about:blank</arg>
<arg>chrome</arg>
</arguments>
<msg timestamp="20200608 11:21:38.208" level="INFO">Opening browser 'chrome' to base url 'about:blank'.</msg>
<status status="PASS" starttime="20200608 11:21:38.207" endtime="20200608 11:21:44.536"></status>
</kw>
<kw name="Maximize Browser Window" library="SeleniumLibrary">
<doc>Maximizes current browser window.</doc>
<status status="PASS" starttime="20200608 11:21:44.536" endtime="20200608 11:21:46.674"></status>
</kw>
<status status="PASS" starttime="20200608 11:21:38.207" endtime="20200608 11:21:46.674"></status>
</kw>
<kw name="CURA Health Care Service Book Appointment" library="CURAHealthCareBookAppPageObject">
<doc>CURA Health Care Service Book Appointment</doc>
<kw name="Login to CURA Health Care Service" library="CURAHealthCareLoginPageObject">
<doc>Login to CURA Health Care Service</doc>
<kw name="Go to landing page" library="CURAHealthCareLoginPageObject">
<doc>Go to landing page</doc>
<kw name="Go To" library="SeleniumLibrary">
<doc>Navigates the active browser instance to the provided ``url``.</doc>
<arguments>
<arg>${URL}</arg>
</arguments>
<msg timestamp="20200608 11:21:46.682" level="INFO">Opening url 'https://katalon-demo-cura.herokuapp.com/'</msg>
<status status="PASS" starttime="20200608 11:21:46.681" endtime="20200608 11:21:49.058"></status>
</kw>
<kw name="Click Element" library="SeleniumLibrary">
<doc>Click element identified by ``locator``.</doc>
<arguments>
<arg>${makeappbtn}</arg>
</arguments>
<msg timestamp="20200608 11:21:49.058" level="INFO">Clicking element 'css: #btn-make-appointment'.</msg>
<status status="PASS" starttime="20200608 11:21:49.058" endtime="20200608 11:21:49.760"></status>
</kw>
<status status="PASS" starttime="20200608 11:21:46.680" endtime="20200608 11:21:49.760"></status>
</kw>
<kw name="Enter Valid Credentials" library="CURAHealthCareLoginPageObject">
<doc>Enter Valid Credentials</doc>
<kw name="Input Text" library="SeleniumLibrary">
<doc>Types the given ``text`` into text field identified by ``locator``.</doc>
<arguments>
<arg>id: txt-username</arg>
<arg>${username}</arg>
</arguments>
<msg timestamp="20200608 11:21:49.761" level="INFO">Typing text 'John Doe' into text field 'id: txt-username'.</msg>
<status status="PASS" starttime="20200608 11:21:49.761" endtime="20200608 11:21:49.907"></status>
</kw>
<kw name="Input Text" library="SeleniumLibrary">
<doc>Types the given ``text`` into text field identified by ``locator``.</doc>
<arguments>
<arg>id: txt-password</arg>
<arg>${password}</arg>
</arguments>
<msg timestamp="20200608 11:21:49.908" level="INFO">Typing text 'ThisIsNotAPassword' into text field 'id: txt-password'.</msg>
<status status="PASS" starttime="20200608 11:21:49.907" endtime="20200608 11:21:50.101"></status>
</kw>
<status status="PASS" starttime="20200608 11:21:49.760" endtime="20200608 11:21:50.101"></status>
</kw>
<kw name="Click on Login button" library="CURAHealthCareLoginPageObject">
<doc>Click on Login button</doc>
<kw name="Click Button" library="SeleniumLibrary">
<doc>Clicks button identified by ``locator``.</doc>
<arguments>
<arg>id: btn-login</arg>
</arguments>
<msg timestamp="20200608 11:21:50.102" level="INFO">Clicking button 'id: btn-login'.</msg>
<status status="PASS" starttime="20200608 11:21:50.102" endtime="20200608 11:21:50.649"></status>
</kw>
<kw name="Sleep" library="BuiltIn">
<doc>Pauses the test executed for the given time.</doc>
<arguments>
<arg>3s</arg>
</arguments>
<msg timestamp="20200608 11:21:53.652" level="INFO">Slept 3 seconds</msg>
<status status="PASS" starttime="20200608 11:21:50.650" endtime="20200608 11:21:53.652"></status>
</kw>
<status status="PASS" starttime="20200608 11:21:50.101" endtime="20200608 11:21:53.652"></status>
</kw>
<status status="PASS" starttime="20200608 11:21:46.678" endtime="20200608 11:21:53.652"></status>
</kw>
<kw name="Complete the Make appointment page and click on Book appointment button" library="CURAHealthCareBookAppPageObject">
<doc>Complete the Make appointment page and click on Book appointment button</doc>
<kw name="Select From List By Index" library="SeleniumLibrary">
<doc>Selects options from selection list ``locator`` by ``indexes``.</doc>
<arguments>
<arg>id: combo_facility</arg>
<arg>1</arg>
</arguments>
<msg timestamp="20200608 11:21:53.653" level="INFO">Selecting options from selection list 'id: combo_facility' by index 1.</msg>
<status status="PASS" starttime="20200608 11:21:53.653" endtime="20200608 11:21:53.779"></status>
</kw>
<kw name="Click Button" library="SeleniumLibrary">
<doc>Clicks button identified by ``locator``.</doc>
<arguments>
<arg>id: radio_program_medicaid</arg>
</arguments>
<msg timestamp="20200608 11:21:53.780" level="INFO">Clicking button 'id: radio_program_medicaid'.</msg>
<status status="PASS" starttime="20200608 11:21:53.779" endtime="20200608 11:21:53.873"></status>
</kw>
<kw name="Input Text" library="SeleniumLibrary">
<doc>Types the given ``text`` into text field identified by ``locator``.</doc>
<arguments>
<arg>id: txt_visit_date</arg>
<arg>${visitdate}</arg>
</arguments>
<msg timestamp="20200608 11:21:53.874" level="INFO">Typing text '30/06/2020' into text field 'id: txt_visit_date'.</msg>
<status status="PASS" starttime="20200608 11:21:53.874" endtime="20200608 11:21:54.181"></status>
</kw>
<kw name="Input Text" library="SeleniumLibrary">
<doc>Types the given ``text`` into text field identified by ``locator``.</doc>
<arguments>
<arg>id: txt_comment</arg>
<arg>${comment}</arg>
</arguments>
<msg timestamp="20200608 11:21:54.182" level="INFO">Typing text 'Comments' into text field 'id: txt_comment'.</msg>
<status status="PASS" starttime="20200608 11:21:54.182" endtime="20200608 11:21:54.327"></status>
</kw>
<kw name="Click Button" library="SeleniumLibrary">
<doc>Clicks button identified by ``locator``.</doc>
<arguments>
<arg>id: btn-book-appointment</arg>
</arguments>
<msg timestamp="20200608 11:21:54.327" level="INFO">Clicking button 'id: btn-book-appointment'.</msg>
<status status="PASS" starttime="20200608 11:21:54.327" endtime="20200608 11:21:54.742"></status>
</kw>
<kw name="Sleep" library="BuiltIn">
<doc>Pauses the test executed for the given time.</doc>
<arguments>
<arg>3s</arg>
</arguments>
<msg timestamp="20200608 11:21:57.745" level="INFO">Slept 3 seconds</msg>
<status status="PASS" starttime="20200608 11:21:54.742" endtime="20200608 11:21:57.745"></status>
</kw>
<status status="PASS" starttime="20200608 11:21:53.652" endtime="20200608 11:21:57.745"></status>
</kw>
<status status="PASS" starttime="20200608 11:21:46.676" endtime="20200608 11:21:57.745"></status>
</kw>
<kw name="End test" library="Base" type="teardown">
<doc>Logout</doc>
<kw name="Click Element" library="SeleniumLibrary">
<doc>Click element identified by ``locator``.</doc>
<arguments>
<arg>id:menu-toggle</arg>
</arguments>
<msg timestamp="20200608 11:21:57.747" level="INFO">Clicking element 'id:menu-toggle'.</msg>
<status status="PASS" starttime="20200608 11:21:57.746" endtime="20200608 11:21:57.817"></status>
</kw>
<kw name="Click Link" library="SeleniumLibrary">
<doc>Clicks a link identified by ``locator``.</doc>
<arguments>
<arg>xpath: //*[@id='sidebar-wrapper']/ul/li[5]/a</arg>
</arguments>
<msg timestamp="20200608 11:21:57.817" level="INFO">Clicking link 'xpath: //*[@id='sidebar-wrapper']/ul/li[5]/a'.</msg>
<status status="PASS" starttime="20200608 11:21:57.817" endtime="20200608 11:21:58.300"></status>
</kw>
<kw name="Sleep" library="BuiltIn">
<doc>Pauses the test executed for the given time.</doc>
<arguments>
<arg>5s</arg>
</arguments>
<msg timestamp="20200608 11:22:03.302" level="INFO">Slept 5 seconds</msg>
<status status="PASS" starttime="20200608 11:21:58.301" endtime="20200608 11:22:03.302"></status>
</kw>
<kw name="Wait Until Page Contains" library="SeleniumLibrary">
<doc>Waits until ``text`` appears on current page.</doc>
<arguments>
<arg>We Care About Your Health</arg>
</arguments>
<status status="PASS" starttime="20200608 11:22:03.303" endtime="20200608 11:22:03.329"></status>
</kw>
<kw name="Close Browser" library="SeleniumLibrary">
<doc>Closes the current browser.</doc>
<status status="PASS" starttime="20200608 11:22:03.329" endtime="20200608 11:22:07.476"></status>
</kw>
<status status="PASS" starttime="20200608 11:21:57.746" endtime="20200608 11:22:07.476"></status>
</kw>
<doc>CURA Health Care Service Book Appointment</doc>
<status status="PASS" starttime="20200608 11:21:38.206" endtime="20200608 11:22:07.477" critical="yes"></status>
</test>
<status status="PASS" starttime="20200608 11:21:37.919" endtime="20200608 11:22:07.479"></status>
</suite>
<statistics>
<total>
<stat pass="1" fail="0">Critical Tests</stat>
<stat pass="1" fail="0">All Tests</stat>
</total>
<tag>
</tag>
<suite>
<stat pass="1" fail="0" id="s1" name="CURAHealthCareBookApp">CURAHealthCareBookApp</stat>
</suite>
</statistics>
<errors>
</errors>
</robot>
